<?xml version="1.0" encoding="UTF-8"?>
<!-- Generated by org.testng.reporters.JUnitReportReporter -->
<testsuite hostname="DESKTOP-3KEIO0M" failures="0" tests="1" name="package1.Class1" time="0.010" errors="0" timestamp="2021-10-22T14:05:56 IST" skipped="0">
  <testcase classname="package1.Class1" name="test1" time="0.010"/>
  <system-out/>
</testsuite> <!-- package1.Class1 -->
